#
# There is insufficient memory for the Java Runtime Environment to continue.
# Native memory allocation (malloc) failed to allocate 1324240 bytes for Chunk::new
# Possible reasons:
#   The system is out of physical RAM or swap space
#   The process is running with CompressedOops enabled, and the Java Heap may be blocking the growth of the native heap
# Possible solutions:
#   Reduce memory load on the system
#   Increase physical memory or swap space
#   Check if swap backing store is full
#   Decrease Java heap size (-Xmx/-Xms)
#   Decrease number of Java threads
#   Decrease Java thread stack sizes (-Xss)
#   Set larger code cache with -XX:ReservedCodeCacheSize=
#   JVM is running with Unscaled Compressed Oops mode in which the Java heap is
#     placed in the first 4GB address space. The Java Heap base address is the
#     maximum limit for the native heap growth. Please use -XX:HeapBaseMinAddress
#     to set the Java Heap base and to place the Java Heap above 4GB virtual address.
# This output file may be truncated or incomplete.
#
#  Out of Memory Error (arena.cpp:191), pid=36380, tid=62552
#
# JRE version: OpenJDK Runtime Environment (17.0.9) (build 17.0.9+0--11185874)
# Java VM: OpenJDK 64-Bit Server VM (17.0.9+0--11185874, mixed mode, tiered, compressed oops, compressed class ptrs, g1 gc, windows-amd64)
# No core dump will be written. Minidumps are not enabled by default on client versions of Windows
#

---------------  S U M M A R Y ------------

Command Line: --add-opens=java.base/java.util=ALL-UNNAMED --add-opens=java.base/java.lang=ALL-UNNAMED --add-opens=java.base/java.lang.invoke=ALL-UNNAMED --add-opens=java.prefs/java.util.prefs=ALL-UNNAMED --add-opens=java.base/java.nio.charset=ALL-UNNAMED --add-opens=java.base/java.net=ALL-UNNAMED --add-opens=java.base/java.util.concurrent.atomic=ALL-UNNAMED -Xmx2048m -Dfile.encoding=UTF-8 -Duser.country=RU -Duser.language=ru -Duser.variant -javaagent:C:\Users\masha\.gradle\wrapper\dists\gradle-8.4-bin\1w5dpkrfk8irigvoxmyhowfim\gradle-8.4\lib\agents\gradle-instrumentation-agent-8.4.jar org.gradle.launcher.daemon.bootstrap.GradleDaemon 8.4

Host: Intel(R) Core(TM) i5-10300H CPU @ 2.50GHz, 8 cores, 7G,  Windows 11 , 64 bit Build 22621 (10.0.22621.3374)
Time: Sat Apr 27 03:14:04 2024 RTZ 2 (s 11 , 64 bit Build 22621 (10.0.22621.3374) elapsed time: 140.651116 seconds (0d 0h 2m 20s)

---------------  T H R E A D  ---------------

Current thread (0x000001ed2c813b00):  JavaThread "C2 CompilerThread0" daemon [_thread_in_native, id=62552, stack(0x0000000101300000,0x0000000101400000)]


Current CompileTask:
C2: 140651 5774       4       java.net.URLClassLoader$1::run (5 bytes)

Stack: [0x0000000101300000,0x0000000101400000]
Native frames: (J=compiled Java code, j=interpreted, Vv=VM code, C=native code)
V  [jvm.dll+0x6886e9]
V  [jvm.dll+0x841e4a]
V  [jvm.dll+0x843a8e]
V  [jvm.dll+0x8440f3]
V  [jvm.dll+0x24c14f]
V  [jvm.dll+0xac44c]
V  [jvm.dll+0xaca9c]
V  [jvm.dll+0x36c1f7]
V  [jvm.dll+0x1be4b6]
V  [jvm.dll+0x21df09]
V  [jvm.dll+0x21d1d1]
V  [jvm.dll+0x1a674d]
V  [jvm.dll+0x22d088]
V  [jvm.dll+0x22b1c0]
V  [jvm.dll+0x7f62f7]
V  [jvm.dll+0x7f06aa]
V  [jvm.dll+0x687565]
C  [ucrtbase.dll+0x29333]
C  [KERNEL32.DLL+0x1257d]
C  [ntdll.dll+0x5aa48]


---------------  P R O C E S S  ---------------

Threads class SMR info:
_java_thread_list=0x000001ed741e50c0, length=42, elements={
0x000001ed127f1200, 0x000001ed2c7da010, 0x000001ed2c7dbcb0, 0x000001ed2c7f0fa0,
0x000001ed2c7f1840, 0x000001ed2c7f3480, 0x000001ed2c7f3d50, 0x000001ed2c813b00,
0x000001ed2c814ca0, 0x000001ed2c8155b0, 0x000001ed2c92c780, 0x000001ed2cb1bcc0,
0x000001ed7377d1e0, 0x000001ed724616e0, 0x000001ed727699c0, 0x000001ed740f2e30,
0x000001ed73e06870, 0x000001ed7172d3f0, 0x000001ed72dd4380, 0x000001ed71ecdf50,
0x000001ed71ecda40, 0x000001ed71ecd530, 0x000001ed71ece460, 0x000001ed71ecd020,
0x000001ed71ecf8a0, 0x000001ed71ed02c0, 0x000001ed71ed07d0, 0x000001ed7400a540,
0x000001ed74004f30, 0x000001ed7400b470, 0x000001ed7400aa50, 0x000001ed74006d90,
0x000001ed740086e0, 0x000001ed74008bf0, 0x000001ed74006880, 0x000001ed740072a0,
0x000001ed74009100, 0x000001ed74004510, 0x000001ed74007cc0, 0x000001ed74009b20,
0x000001ed7400a030, 0x000001ed7400af60
}

Java Threads: ( => current thread )
  0x000001ed127f1200 JavaThread "main" [_thread_blocked, id=30980, stack(0x0000000100600000,0x0000000100700000)]
  0x000001ed2c7da010 JavaThread "Reference Handler" daemon [_thread_blocked, id=81436, stack(0x0000000100d00000,0x0000000100e00000)]
  0x000001ed2c7dbcb0 JavaThread "Finalizer" daemon [_thread_blocked, id=73520, stack(0x0000000100e00000,0x0000000100f00000)]
  0x000001ed2c7f0fa0 JavaThread "Signal Dispatcher" daemon [_thread_blocked, id=66032, stack(0x0000000100f00000,0x0000000101000000)]
  0x000001ed2c7f1840 JavaThread "Attach Listener" daemon [_thread_blocked, id=69140, stack(0x0000000101000000,0x0000000101100000)]
  0x000001ed2c7f3480 JavaThread "Service Thread" daemon [_thread_blocked, id=75368, stack(0x0000000101100000,0x0000000101200000)]
  0x000001ed2c7f3d50 JavaThread "Monitor Deflation Thread" daemon [_thread_blocked, id=78508, stack(0x0000000101200000,0x0000000101300000)]
=>0x000001ed2c813b00 JavaThread "C2 CompilerThread0" daemon [_thread_in_native, id=62552, stack(0x0000000101300000,0x0000000101400000)]
  0x000001ed2c814ca0 JavaThread "C1 CompilerThread0" daemon [_thread_blocked, id=80824, stack(0x0000000101400000,0x0000000101500000)]
  0x000001ed2c8155b0 JavaThread "Sweeper thread" daemon [_thread_blocked, id=56464, stack(0x0000000101500000,0x0000000101600000)]
  0x000001ed2c92c780 JavaThread "Common-Cleaner" daemon [_thread_blocked, id=78876, stack(0x0000000101600000,0x0000000101700000)]
  0x000001ed2cb1bcc0 JavaThread "Notification Thread" daemon [_thread_blocked, id=78392, stack(0x0000000101700000,0x0000000101800000)]
  0x000001ed7377d1e0 JavaThread "Daemon health stats" [_thread_blocked, id=67604, stack(0x0000000101c00000,0x0000000101d00000)]
  0x000001ed724616e0 JavaThread "Incoming local TCP Connector on port 61940" [_thread_in_native, id=22200, stack(0x0000000101b00000,0x0000000101c00000)]
  0x000001ed727699c0 JavaThread "Daemon periodic checks" [_thread_blocked, id=75068, stack(0x0000000101e00000,0x0000000101f00000)]
  0x000001ed740f2e30 JavaThread "Daemon" [_thread_blocked, id=67548, stack(0x0000000101f00000,0x0000000102000000)]
  0x000001ed73e06870 JavaThread "Handler for socket connection from /127.0.0.1:61940 to /127.0.0.1:61942" [_thread_in_native, id=68660, stack(0x0000000102000000,0x0000000102100000)]
  0x000001ed7172d3f0 JavaThread "Cancel handler" [_thread_blocked, id=80516, stack(0x0000000102100000,0x0000000102200000)]
  0x000001ed72dd4380 JavaThread "Daemon worker" [_thread_in_native, id=78996, stack(0x0000000102200000,0x0000000102300000)]
  0x000001ed71ecdf50 JavaThread "Asynchronous log dispatcher for DefaultDaemonConnection: socket connection from /127.0.0.1:61940 to /127.0.0.1:61942" [_thread_blocked, id=73136, stack(0x0000000102300000,0x0000000102400000)]
  0x000001ed71ecda40 JavaThread "Stdin handler" [_thread_blocked, id=81296, stack(0x0000000102400000,0x0000000102500000)]
  0x000001ed71ecd530 JavaThread "Daemon client event forwarder" [_thread_blocked, id=49072, stack(0x0000000102500000,0x0000000102600000)]
  0x000001ed71ece460 JavaThread "Cache worker for journal cache (C:\Users\masha\.gradle\caches\journal-1)" [_thread_blocked, id=54984, stack(0x0000000102a00000,0x0000000102b00000)]
  0x000001ed71ecd020 JavaThread "File lock request listener" [_thread_in_native, id=57812, stack(0x0000000102b00000,0x0000000102c00000)]
  0x000001ed71ecf8a0 JavaThread "Cache worker for file hash cache (C:\Users\masha\.gradle\caches\8.4\fileHashes)" [_thread_blocked, id=69564, stack(0x0000000102c00000,0x0000000102d00000)]
  0x000001ed71ed02c0 JavaThread "File watcher server" daemon [_thread_in_native, id=49688, stack(0x0000000102e00000,0x0000000102f00000)]
  0x000001ed71ed07d0 JavaThread "File watcher consumer" daemon [_thread_blocked, id=69268, stack(0x0000000102f00000,0x0000000103000000)]
  0x000001ed7400a540 JavaThread "Cache worker for checksums cache (C:\Users\masha\AndroidStudioProjects\Cafe\.gradle\8.4\checksums)" [_thread_blocked, id=75848, stack(0x0000000103000000,0x0000000103100000)]
  0x000001ed74004f30 JavaThread "Cache worker for file hash cache (C:\Users\masha\AndroidStudioProjects\Cafe\.gradle\8.4\fileHashes)" [_thread_blocked, id=68132, stack(0x0000000103100000,0x0000000103200000)]
  0x000001ed7400b470 JavaThread "Cache worker for cache directory md-supplier (C:\Users\masha\.gradle\caches\8.4\md-supplier)" [_thread_blocked, id=34168, stack(0x0000000103200000,0x0000000103300000)]
  0x000001ed7400aa50 JavaThread "Cache worker for file content cache (C:\Users\masha\.gradle\caches\8.4\fileContent)" [_thread_blocked, id=64988, stack(0x0000000103300000,0x0000000103400000)]
  0x000001ed74006d90 JavaThread "Cache worker for cache directory md-rule (C:\Users\masha\.gradle\caches\8.4\md-rule)" [_thread_blocked, id=80920, stack(0x0000000102d00000,0x0000000102e00000)]
  0x000001ed740086e0 JavaThread "Cache worker for execution history cache (C:\Users\masha\.gradle\caches\8.4\executionHistory)" [_thread_blocked, id=42476, stack(0x0000000103400000,0x0000000103500000)]
  0x000001ed74008bf0 JavaThread "Cache worker for kotlin-dsl (C:\Users\masha\.gradle\caches\8.4\kotlin-dsl)" [_thread_blocked, id=79088, stack(0x0000000103700000,0x0000000103800000)]
  0x000001ed74006880 JavaThread "jar transforms" [_thread_blocked, id=28680, stack(0x0000000103800000,0x0000000103900000)]
  0x000001ed740072a0 JavaThread "jar transforms Thread 2" [_thread_blocked, id=79628, stack(0x0000000103900000,0x0000000103a00000)]
  0x000001ed74009100 JavaThread "jar transforms Thread 3" [_thread_blocked, id=71584, stack(0x0000000103a00000,0x0000000103b00000)]
  0x000001ed74004510 JavaThread "jar transforms Thread 4" [_thread_blocked, id=78724, stack(0x0000000103b00000,0x0000000103c00000)]
  0x000001ed74007cc0 JavaThread "Cache worker for dependencies-accessors (C:\Users\masha\AndroidStudioProjects\Cafe\.gradle\8.4\dependencies-accessors)" [_thread_blocked, id=66684, stack(0x0000000103c00000,0x0000000103d00000)]
  0x000001ed74009b20 JavaThread "Cache worker for Build Output Cleanup Cache (C:\Users\masha\AndroidStudioProjects\Cafe\.gradle\buildOutputCleanup)" [_thread_blocked, id=80376, stack(0x0000000103500000,0x0000000103600000)]
  0x000001ed7400a030 JavaThread "jar transforms Thread 5" [_thread_blocked, id=73912, stack(0x0000000103d00000,0x0000000103e00000)]
  0x000001ed7400af60 JavaThread "jar transforms Thread 6" [_thread_blocked, id=45116, stack(0x0000000103e00000,0x0000000103f00000)]

Other Threads:
  0x000001ed2c7b8650 VMThread "VM Thread" [stack: 0x0000000100c00000,0x0000000100d00000] [id=75308]
  0x000001ed127f1f90 WatcherThread [stack: 0x0000000101800000,0x0000000101900000] [id=63524]
  0x000001ed1284dee0 GCTaskThread "GC Thread#0" [stack: 0x0000000100700000,0x0000000100800000] [id=67004]
  0x000001ed71029cc0 GCTaskThread "GC Thread#1" [stack: 0x0000000100100000,0x0000000100200000] [id=75260]
  0x000001ed7102e8b0 GCTaskThread "GC Thread#2" [stack: 0x0000000100400000,0x0000000100500000] [id=66696]
  0x000001ed2c9d5910 GCTaskThread "GC Thread#3" [stack: 0x0000000100500000,0x0000000100600000] [id=75080]
  0x000001ed717f0430 GCTaskThread "GC Thread#4" [stack: 0x0000000101900000,0x0000000101a00000] [id=80568]
  0x000001ed724916e0 GCTaskThread "GC Thread#5" [stack: 0x0000000102600000,0x0000000102700000] [id=74980]
  0x000001ed72dd4c60 GCTaskThread "GC Thread#6" [stack: 0x0000000102700000,0x0000000102800000] [id=74036]
  0x000001ed72a5dc50 GCTaskThread "GC Thread#7" [stack: 0x0000000102800000,0x0000000102900000] [id=79932]
  0x000001ed1285f4e0 ConcurrentGCThread "G1 Main Marker" [stack: 0x0000000100800000,0x0000000100900000] [id=70896]
  0x000001ed1285fe10 ConcurrentGCThread "G1 Conc#0" [stack: 0x0000000100900000,0x0000000100a00000] [id=77328]
  0x000001ed73d2a840 ConcurrentGCThread "G1 Conc#1" [stack: 0x0000000102900000,0x0000000102a00000] [id=79828]
  0x000001ed1289e830 ConcurrentGCThread "G1 Refine#0" [stack: 0x0000000100a00000,0x0000000100b00000] [id=80928]
  0x000001ed72e4c0a0 ConcurrentGCThread "G1 Refine#1" [stack: 0x0000000103600000,0x0000000103700000] [id=30768]
  0x000001ed2c4bc380 ConcurrentGCThread "G1 Service" [stack: 0x0000000100b00000,0x0000000100c00000] [id=67524]

Threads with active compile tasks:
C2 CompilerThread0   140918 5774       4       java.net.URLClassLoader$1::run (5 bytes)

VM state: not at safepoint (normal execution)

VM Mutex/Monitor currently owned by a thread: None

Heap address: 0x0000000080000000, size: 2048 MB, Compressed Oops mode: 32-bit

CDS archive(s) not mapped
Compressed class space mapped at: 0x000001ed2d000000-0x000001ed6d000000, reserved size: 1073741824
Narrow klass base: 0x000001ed2d000000, Narrow klass shift: 0, Narrow klass range: 0x40000000

GC Precious Log:
 CPUs: 8 total, 8 available
 Memory: 8059M
 Large Page Support: Disabled
 NUMA Support: Disabled
 Compressed Oops: Enabled (32-bit)
 Heap Region Size: 1M
 Heap Min Capacity: 8M
 Heap Initial Capacity: 126M
 Heap Max Capacity: 2G
 Pre-touch: Disabled
 Parallel Workers: 8
 Concurrent Workers: 2
 Concurrent Refinement Workers: 8
 Periodic GC: Disabled

Heap:
 garbage-first heap   total 86016K, used 54469K [0x0000000080000000, 0x0000000100000000)
  region size 1024K, 19 young (19456K), 1 survivors (1024K)
 Metaspace       used 62025K, committed 62592K, reserved 1114112K
  class space    used 8410K, committed 8704K, reserved 1048576K

Heap Regions: E=young(eden), S=young(survivor), O=old, HS=humongous(starts), HC=humongous(continues), CS=collection set, F=free, OA=open archive, CA=closed archive, TAMS=top-at-mark-start (previous, next)
|   0|0x0000000080000000, 0x0000000080100000, 0x0000000080100000|100%|HS|  |TAMS 0x0000000080100000, 0x0000000080000000| Complete 
|   1|0x0000000080100000, 0x0000000080200000, 0x0000000080200000|100%|HC|  |TAMS 0x0000000080200000, 0x0000000080100000| Complete 
|   2|0x0000000080200000, 0x0000000080300000, 0x0000000080300000|100%|HC|  |TAMS 0x0000000080300000, 0x0000000080200000| Complete 
|   3|0x0000000080300000, 0x0000000080400000, 0x0000000080400000|100%|HC|  |TAMS 0x0000000080400000, 0x0000000080300000| Complete 
|   4|0x0000000080400000, 0x0000000080500000, 0x0000000080500000|100%| O|  |TAMS 0x0000000080500000, 0x0000000080400000| Untracked 
|   5|0x0000000080500000, 0x0000000080600000, 0x0000000080600000|100%| O|  |TAMS 0x0000000080600000, 0x0000000080500000| Untracked 
|   6|0x0000000080600000, 0x0000000080700000, 0x0000000080700000|100%| O|  |TAMS 0x0000000080700000, 0x0000000080600000| Untracked 
|   7|0x0000000080700000, 0x0000000080800000, 0x0000000080800000|100%| O|  |TAMS 0x0000000080800000, 0x0000000080700000| Untracked 
|   8|0x0000000080800000, 0x0000000080900000, 0x0000000080900000|100%| O|  |TAMS 0x0000000080900000, 0x0000000080800000| Untracked 
|   9|0x0000000080900000, 0x0000000080a00000, 0x0000000080a00000|100%| O|  |TAMS 0x0000000080a00000, 0x0000000080900000| Untracked 
|  10|0x0000000080a00000, 0x0000000080abf000, 0x0000000080b00000| 74%| O|  |TAMS 0x0000000080abf000, 0x0000000080a00000| Untracked 
|  11|0x0000000080b00000, 0x0000000080c00000, 0x0000000080c00000|100%| O|  |TAMS 0x0000000080c00000, 0x0000000080b00000| Untracked 
|  12|0x0000000080c00000, 0x0000000080d00000, 0x0000000080d00000|100%| O|  |TAMS 0x0000000080d00000, 0x0000000080c00000| Untracked 
|  13|0x0000000080d00000, 0x0000000080e00000, 0x0000000080e00000|100%| O|  |TAMS 0x0000000080e00000, 0x0000000080d00000| Untracked 
|  14|0x0000000080e00000, 0x0000000080f00000, 0x0000000080f00000|100%| O|  |TAMS 0x0000000080f00000, 0x0000000080e00000| Untracked 
|  15|0x0000000080f00000, 0x0000000081000000, 0x0000000081000000|100%| O|  |TAMS 0x0000000081000000, 0x0000000080f00000| Untracked 
|  16|0x0000000081000000, 0x0000000081100000, 0x0000000081100000|100%| O|  |TAMS 0x0000000081100000, 0x0000000081000000| Untracked 
|  17|0x0000000081100000, 0x0000000081200000, 0x0000000081200000|100%| O|  |TAMS 0x0000000081200000, 0x0000000081100000| Untracked 
|  18|0x0000000081200000, 0x0000000081300000, 0x0000000081300000|100%| O|  |TAMS 0x0000000081300000, 0x0000000081200000| Untracked 
|  19|0x0000000081300000, 0x0000000081400000, 0x0000000081400000|100%| O|  |TAMS 0x0000000081400000, 0x0000000081300000| Untracked 
|  20|0x0000000081400000, 0x0000000081500000, 0x0000000081500000|100%| O|  |TAMS 0x0000000081500000, 0x0000000081400000| Untracked 
|  21|0x0000000081500000, 0x0000000081600000, 0x0000000081600000|100%| O|  |TAMS 0x0000000081600000, 0x0000000081500000| Untracked 
|  22|0x0000000081600000, 0x0000000081700000, 0x0000000081700000|100%| O|  |TAMS 0x0000000081700000, 0x0000000081600000| Untracked 
|  23|0x0000000081700000, 0x0000000081800000, 0x0000000081800000|100%| O|  |TAMS 0x0000000081800000, 0x0000000081700000| Untracked 
|  24|0x0000000081800000, 0x0000000081900000, 0x0000000081900000|100%| O|  |TAMS 0x0000000081900000, 0x0000000081800000| Untracked 
|  25|0x0000000081900000, 0x0000000081a00000, 0x0000000081a00000|100%| O|  |TAMS 0x0000000081a00000, 0x0000000081900000| Untracked 
|  26|0x0000000081a00000, 0x0000000081b00000, 0x0000000081b00000|100%| O|  |TAMS 0x0000000081b00000, 0x0000000081a00000| Untracked 
|  27|0x0000000081b00000, 0x0000000081c00000, 0x0000000081c00000|100%| O|  |TAMS 0x0000000081c00000, 0x0000000081b00000| Untracked 
|  28|0x0000000081c00000, 0x0000000081d00000, 0x0000000081d00000|100%| O|  |TAMS 0x0000000081d00000, 0x0000000081c00000| Untracked 
|  29|0x0000000081d00000, 0x0000000081e00000, 0x0000000081e00000|100%| O|  |TAMS 0x0000000081e00000, 0x0000000081d00000| Untracked 
|  30|0x0000000081e00000, 0x0000000081f00000, 0x0000000081f00000|100%| O|  |TAMS 0x0000000081f00000, 0x0000000081e00000| Untracked 
|  31|0x0000000081f00000, 0x0000000082000000, 0x0000000082000000|100%| O|  |TAMS 0x0000000082000000, 0x0000000081f00000| Untracked 
|  32|0x0000000082000000, 0x0000000082100000, 0x0000000082100000|100%| O|  |TAMS 0x00000000820d1600, 0x0000000082000000| Untracked 
|  33|0x0000000082100000, 0x0000000082200000, 0x0000000082200000|100%| O|  |TAMS 0x0000000082100000, 0x0000000082100000| Untracked 
|  34|0x0000000082200000, 0x0000000082300000, 0x0000000082300000|100%| O|  |TAMS 0x0000000082200000, 0x0000000082200000| Untracked 
|  35|0x0000000082300000, 0x00000000823dbe00, 0x0000000082400000| 85%| O|  |TAMS 0x0000000082300000, 0x0000000082300000| Untracked 
|  36|0x0000000082400000, 0x0000000082400000, 0x0000000082500000|  0%| F|  |TAMS 0x0000000082400000, 0x0000000082400000| Untracked 
|  37|0x0000000082500000, 0x0000000082500000, 0x0000000082600000|  0%| F|  |TAMS 0x0000000082500000, 0x0000000082500000| Untracked 
|  38|0x0000000082600000, 0x0000000082600000, 0x0000000082700000|  0%| F|  |TAMS 0x0000000082600000, 0x0000000082600000| Untracked 
|  39|0x0000000082700000, 0x0000000082700000, 0x0000000082800000|  0%| F|  |TAMS 0x0000000082700000, 0x0000000082700000| Untracked 
|  40|0x0000000082800000, 0x0000000082800000, 0x0000000082900000|  0%| F|  |TAMS 0x0000000082800000, 0x0000000082800000| Untracked 
|  41|0x0000000082900000, 0x0000000082900000, 0x0000000082a00000|  0%| F|  |TAMS 0x0000000082900000, 0x0000000082900000| Untracked 
|  42|0x0000000082a00000, 0x0000000082a00000, 0x0000000082b00000|  0%| F|  |TAMS 0x0000000082a00000, 0x0000000082a00000| Untracked 
|  43|0x0000000082b00000, 0x0000000082b00000, 0x0000000082c00000|  0%| F|  |TAMS 0x0000000082b00000, 0x0000000082b00000| Untracked 
|  44|0x0000000082c00000, 0x0000000082c00000, 0x0000000082d00000|  0%| F|  |TAMS 0x0000000082c00000, 0x0000000082c00000| Untracked 
|  45|0x0000000082d00000, 0x0000000082d00000, 0x0000000082e00000|  0%| F|  |TAMS 0x0000000082d00000, 0x0000000082d00000| Untracked 
|  46|0x0000000082e00000, 0x0000000082e00000, 0x0000000082f00000|  0%| F|  |TAMS 0x0000000082e00000, 0x0000000082e00000| Untracked 
|  47|0x0000000082f00000, 0x0000000082f00000, 0x0000000083000000|  0%| F|  |TAMS 0x0000000082f00000, 0x0000000082f00000| Untracked 
|  48|0x0000000083000000, 0x0000000083000000, 0x0000000083100000|  0%| F|  |TAMS 0x0000000083000000, 0x0000000083000000| Untracked 
|  49|0x0000000083100000, 0x0000000083100000, 0x0000000083200000|  0%| F|  |TAMS 0x0000000083100000, 0x0000000083100000| Untracked 
|  50|0x0000000083200000, 0x0000000083200000, 0x0000000083300000|  0%| F|  |TAMS 0x0000000083200000, 0x0000000083200000| Untracked 
|  51|0x0000000083300000, 0x0000000083300000, 0x0000000083400000|  0%| F|  |TAMS 0x0000000083300000, 0x0000000083300000| Untracked 
|  52|0x0000000083400000, 0x0000000083400000, 0x0000000083500000|  0%| F|  |TAMS 0x0000000083400000, 0x0000000083400000| Untracked 
|  53|0x0000000083500000, 0x0000000083500000, 0x0000000083600000|  0%| F|  |TAMS 0x0000000083500000, 0x0000000083500000| Untracked 
|  54|0x0000000083600000, 0x0000000083600000, 0x0000000083700000|  0%| F|  |TAMS 0x0000000083600000, 0x0000000083600000| Untracked 
|  55|0x0000000083700000, 0x0000000083700000, 0x0000000083800000|  0%| F|  |TAMS 0x0000000083700000, 0x0000000083700000| Untracked 
|  56|0x0000000083800000, 0x0000000083800000, 0x0000000083900000|  0%| F|  |TAMS 0x0000000083800000, 0x0000000083800000| Untracked 
|  57|0x0000000083900000, 0x0000000083900000, 0x0000000083a00000|  0%| F|  |TAMS 0x0000000083900000, 0x0000000083900000| Untracked 
|  58|0x0000000083a00000, 0x0000000083a00000, 0x0000000083b00000|  0%| F|  |TAMS 0x0000000083a00000, 0x0000000083a00000| Untracked 
|  59|0x0000000083b00000, 0x0000000083b00000, 0x0000000083c00000|  0%| F|  |TAMS 0x0000000083b00000, 0x0000000083b00000| Untracked 
|  60|0x0000000083c00000, 0x0000000083c00000, 0x0000000083d00000|  0%| F|  |TAMS 0x0000000083c00000, 0x0000000083c00000| Untracked 
|  61|0x0000000083d00000, 0x0000000083d00000, 0x0000000083e00000|  0%| F|  |TAMS 0x0000000083d00000, 0x0000000083d00000| Untracked 
|  62|0x0000000083e00000, 0x0000000083e00000, 0x0000000083f00000|  0%| F|  |TAMS 0x0000000083e00000, 0x0000000083e00000| Untracked 
|  63|0x0000000083f00000, 0x0000000083f00000, 0x0000000084000000|  0%| F|  |TAMS 0x0000000083f00000, 0x0000000083f00000| Untracked 
|  64|0x0000000084000000, 0x0000000084000000, 0x0000000084100000|  0%| F|  |TAMS 0x0000000084000000, 0x0000000084000000| Untracked 
|  65|0x0000000084100000, 0x0000000084200000, 0x0000000084200000|100%| E|  |TAMS 0x0000000084100000, 0x0000000084100000| Complete 
|  66|0x0000000084200000, 0x0000000084300000, 0x0000000084300000|100%| E|CS|TAMS 0x0000000084200000, 0x0000000084200000| Complete 
|  67|0x0000000084300000, 0x0000000084400000, 0x0000000084400000|100%| E|CS|TAMS 0x0000000084300000, 0x0000000084300000| Complete 
|  68|0x0000000084400000, 0x0000000084500000, 0x0000000084500000|100%| E|CS|TAMS 0x0000000084400000, 0x0000000084400000| Complete 
|  69|0x0000000084500000, 0x0000000084600000, 0x0000000084600000|100%| E|CS|TAMS 0x0000000084500000, 0x0000000084500000| Complete 
|  70|0x0000000084600000, 0x0000000084700000, 0x0000000084700000|100%| E|CS|TAMS 0x0000000084600000, 0x0000000084600000| Complete 
|  71|0x0000000084700000, 0x0000000084800000, 0x0000000084800000|100%| E|CS|TAMS 0x0000000084700000, 0x0000000084700000| Complete 
|  72|0x0000000084800000, 0x0000000084900000, 0x0000000084900000|100%| E|CS|TAMS 0x0000000084800000, 0x0000000084800000| Complete 
|  73|0x0000000084900000, 0x0000000084a00000, 0x0000000084a00000|100%| E|CS|TAMS 0x0000000084900000, 0x0000000084900000| Complete 
|  77|0x0000000084d00000, 0x0000000084e00000, 0x0000000084e00000|100%| E|CS|TAMS 0x0000000084d00000, 0x0000000084d00000| Complete 
|  78|0x0000000084e00000, 0x0000000084f00000, 0x0000000084f00000|100%| E|CS|TAMS 0x0000000084e00000, 0x0000000084e00000| Complete 
|  79|0x0000000084f00000, 0x0000000085000000, 0x0000000085000000|100%| E|CS|TAMS 0x0000000084f00000, 0x0000000084f00000| Complete 
|  80|0x0000000085000000, 0x00000000850968e8, 0x0000000085100000| 58%| S|CS|TAMS 0x0000000085000000, 0x0000000085000000| Complete 
|  81|0x0000000085100000, 0x0000000085200000, 0x0000000085200000|100%| E|CS|TAMS 0x0000000085100000, 0x0000000085100000| Complete 
|  82|0x0000000085200000, 0x0000000085300000, 0x0000000085300000|100%| E|CS|TAMS 0x0000000085200000, 0x0000000085200000| Complete 
|  83|0x0000000085300000, 0x0000000085400000, 0x0000000085400000|100%| E|CS|TAMS 0x0000000085300000, 0x0000000085300000| Complete 
|  84|0x0000000085400000, 0x0000000085500000, 0x0000000085500000|100%| E|CS|TAMS 0x0000000085400000, 0x0000000085400000| Complete 
| 124|0x0000000087c00000, 0x0000000087d00000, 0x0000000087d00000|100%| E|CS|TAMS 0x0000000087c00000, 0x0000000087c00000| Complete 
| 125|0x0000000087d00000, 0x0000000087e00000, 0x0000000087e00000|100%| E|CS|TAMS 0x0000000087d00000, 0x0000000087d00000| Complete 

Card table byte_map: [0x000001ed253f0000,0x000001ed257f0000] _byte_map_base: 0x000001ed24ff0000

Marking Bits (Prev, Next): (CMBitMap*) 0x000001ed1284e450, (CMBitMap*) 0x000001ed1284e410
 Prev Bits: [0x000001ed27bf0000, 0x000001ed29bf0000)
 Next Bits: [0x000001ed25bf0000, 0x000001ed27bf0000)

Polling page: 0x000001ed10780000

Metaspace:

Usage:
  Non-class:     52.42 MB used.
      Class:      8.22 MB used.
       Both:     60.64 MB used.

Virtual space:
  Non-class space:       64.00 MB reserved,      52.69 MB ( 82%) committed,  1 nodes.
      Class space:        1.00 GB reserved,       8.50 MB ( <1%) committed,  1 nodes.
             Both:        1.06 GB reserved,      61.19 MB (  6%) committed. 

Chunk freelists:
   Non-Class:  10.92 MB
       Class:  7.55 MB
        Both:  18.47 MB

MaxMetaspaceSize: unlimited
CompressedClassSpaceSize: 1.00 GB
Initial GC threshold: 21.00 MB
Current GC threshold: 98.75 MB
CDS: off
MetaspaceReclaimPolicy: balanced
 - commit_granule_bytes: 65536.
 - commit_granule_words: 8192.
 - virtual_space_node_default_size: 8388608.
 - enlarge_chunks_in_place: 1.
 - new_chunks_are_fully_committed: 0.
 - uncommit_free_chunks: 1.
 - use_allocation_guard: 0.
 - handle_deallocations: 1.


Internal statistics:

num_allocs_failed_limit: 9.
num_arena_births: 614.
num_arena_deaths: 0.
num_vsnodes_births: 2.
num_vsnodes_deaths: 0.
num_space_committed: 979.
num_space_uncommitted: 0.
num_chunks_returned_to_freelist: 9.
num_chunks_taken_from_freelist: 2648.
num_chunk_merges: 6.
num_chunk_splits: 1810.
num_chunks_enlarged: 1274.
num_inconsistent_stats: 0.

CodeHeap 'non-profiled nmethods': size=120000Kb used=2506Kb max_used=3060Kb free=117493Kb
 bounds [0x000001ed1d790000, 0x000001ed1da90000, 0x000001ed24cc0000]
CodeHeap 'profiled nmethods': size=120000Kb used=10329Kb max_used=10329Kb free=109670Kb
 bounds [0x000001ed15cc0000, 0x000001ed166e0000, 0x000001ed1d1f0000]
CodeHeap 'non-nmethods': size=5760Kb used=1625Kb max_used=1690Kb free=4134Kb
 bounds [0x000001ed1d1f0000, 0x000001ed1d460000, 0x000001ed1d790000]
 total_blobs=5882 nmethods=5182 adapters=612
 compilation: enabled
              stopped_count=0, restarted_count=0
 full_count=0

Compilation events (20 events):
Event: 140.603 Thread 0x000001ed2c814ca0 5837       3       org.objectweb.asm.ClassReader::createDebugLabel (23 bytes)
Event: 140.603 Thread 0x000001ed2c814ca0 nmethod 5837 0x000001ed166a0890 code [0x000001ed166a0a60, 0x000001ed166a0f38]
Event: 140.603 Thread 0x000001ed2c814ca0 5838       3       org.objectweb.asm.ClassReader::readClass (7 bytes)
Event: 140.603 Thread 0x000001ed2c814ca0 nmethod 5838 0x000001ed166a1110 code [0x000001ed166a12e0, 0x000001ed166a1648]
Event: 140.603 Thread 0x000001ed2c814ca0 5839       1       org.objectweb.asm.Handle::getTag (5 bytes)
Event: 140.603 Thread 0x000001ed2c814ca0 nmethod 5839 0x000001ed1d85ba90 code [0x000001ed1d85bc20, 0x000001ed1d85bcf8]
Event: 140.603 Thread 0x000001ed2c814ca0 5840       1       org.objectweb.asm.Handle::getOwner (5 bytes)
Event: 140.603 Thread 0x000001ed2c814ca0 nmethod 5840 0x000001ed1d85b790 code [0x000001ed1d85b920, 0x000001ed1d85b9f8]
Event: 140.603 Thread 0x000001ed2c814ca0 5841       1       org.objectweb.asm.Handle::getName (5 bytes)
Event: 140.604 Thread 0x000001ed2c814ca0 nmethod 5841 0x000001ed1d85b290 code [0x000001ed1d85b420, 0x000001ed1d85b4f8]
Event: 140.604 Thread 0x000001ed2c814ca0 5842       1       org.objectweb.asm.Handle::getDesc (5 bytes)
Event: 140.604 Thread 0x000001ed2c814ca0 nmethod 5842 0x000001ed1d812090 code [0x000001ed1d812220, 0x000001ed1d8122f8]
Event: 140.604 Thread 0x000001ed2c814ca0 5843       1       org.objectweb.asm.Handle::isInterface (5 bytes)
Event: 140.604 Thread 0x000001ed2c814ca0 nmethod 5843 0x000001ed1d811d90 code [0x000001ed1d811f20, 0x000001ed1d811ff8]
Event: 140.607 Thread 0x000001ed2c814ca0 5844       3       org.objectweb.asm.Label::accept (69 bytes)
Event: 140.607 Thread 0x000001ed2c814ca0 nmethod 5844 0x000001ed166a1810 code [0x000001ed166a19e0, 0x000001ed166a1f48]
Event: 140.607 Thread 0x000001ed2c814ca0 5845       3       org.objectweb.asm.Label::addLineNumber (106 bytes)
Event: 140.608 Thread 0x000001ed2c814ca0 nmethod 5845 0x000001ed166a2110 code [0x000001ed166a22e0, 0x000001ed166a2828]
Event: 140.608 Thread 0x000001ed2c814ca0 5846       3       org.objectweb.asm.MethodWriter::visitLineNumber (50 bytes)
Event: 140.608 Thread 0x000001ed2c814ca0 nmethod 5846 0x000001ed166a2a10 code [0x000001ed166a2be0, 0x000001ed166a3078]

GC Heap History (20 events):
Event: 133.764 GC heap before
{Heap before GC invocations=6 (full 0):
 garbage-first heap   total 71680K, used 48398K [0x0000000080000000, 0x0000000100000000)
  region size 1024K, 30 young (30720K), 2 survivors (2048K)
 Metaspace       used 30638K, committed 30912K, reserved 1114112K
  class space    used 4077K, committed 4224K, reserved 1048576K
}
Event: 133.767 GC heap after
{Heap after GC invocations=7 (full 0):
 garbage-first heap   total 71680K, used 22270K [0x0000000080000000, 0x0000000100000000)
  region size 1024K, 4 young (4096K), 4 survivors (4096K)
 Metaspace       used 30638K, committed 30912K, reserved 1114112K
  class space    used 4077K, committed 4224K, reserved 1048576K
}
Event: 134.527 GC heap before
{Heap before GC invocations=7 (full 0):
 garbage-first heap   total 71680K, used 50942K [0x0000000080000000, 0x0000000100000000)
  region size 1024K, 32 young (32768K), 4 survivors (4096K)
 Metaspace       used 34041K, committed 34304K, reserved 1114112K
  class space    used 4644K, committed 4736K, reserved 1048576K
}
Event: 134.532 GC heap after
{Heap after GC invocations=8 (full 0):
 garbage-first heap   total 71680K, used 23638K [0x0000000080000000, 0x0000000100000000)
  region size 1024K, 3 young (3072K), 3 survivors (3072K)
 Metaspace       used 34041K, committed 34304K, reserved 1114112K
  class space    used 4644K, committed 4736K, reserved 1048576K
}
Event: 134.943 GC heap before
{Heap before GC invocations=8 (full 0):
 garbage-first heap   total 71680K, used 32854K [0x0000000080000000, 0x0000000100000000)
  region size 1024K, 13 young (13312K), 3 survivors (3072K)
 Metaspace       used 35873K, committed 36160K, reserved 1114112K
  class space    used 4890K, committed 5056K, reserved 1048576K
}
Event: 134.946 GC heap after
{Heap after GC invocations=9 (full 0):
 garbage-first heap   total 71680K, used 24096K [0x0000000080000000, 0x0000000100000000)
  region size 1024K, 2 young (2048K), 2 survivors (2048K)
 Metaspace       used 35873K, committed 36160K, reserved 1114112K
  class space    used 4890K, committed 5056K, reserved 1048576K
}
Event: 136.033 GC heap before
{Heap before GC invocations=10 (full 0):
 garbage-first heap   total 71680K, used 54816K [0x0000000080000000, 0x0000000100000000)
  region size 1024K, 33 young (33792K), 2 survivors (2048K)
 Metaspace       used 41030K, committed 41344K, reserved 1114112K
  class space    used 5427K, committed 5568K, reserved 1048576K
}
Event: 136.040 GC heap after
{Heap after GC invocations=11 (full 0):
 garbage-first heap   total 71680K, used 28117K [0x0000000080000000, 0x0000000100000000)
  region size 1024K, 5 young (5120K), 5 survivors (5120K)
 Metaspace       used 41030K, committed 41344K, reserved 1114112K
  class space    used 5427K, committed 5568K, reserved 1048576K
}
Event: 136.534 GC heap before
{Heap before GC invocations=11 (full 0):
 garbage-first heap   total 71680K, used 55765K [0x0000000080000000, 0x0000000100000000)
  region size 1024K, 31 young (31744K), 5 survivors (5120K)
 Metaspace       used 42943K, committed 43392K, reserved 1114112K
  class space    used 5614K, committed 5824K, reserved 1048576K
}
Event: 136.541 GC heap after
{Heap after GC invocations=12 (full 0):
 garbage-first heap   total 71680K, used 29927K [0x0000000080000000, 0x0000000100000000)
  region size 1024K, 2 young (2048K), 2 survivors (2048K)
 Metaspace       used 42943K, committed 43392K, reserved 1114112K
  class space    used 5614K, committed 5824K, reserved 1048576K
}
Event: 137.351 GC heap before
{Heap before GC invocations=12 (full 0):
 garbage-first heap   total 71680K, used 55527K [0x0000000080000000, 0x0000000100000000)
  region size 1024K, 27 young (27648K), 2 survivors (2048K)
 Metaspace       used 46120K, committed 46464K, reserved 1114112K
  class space    used 6180K, committed 6336K, reserved 1048576K
}
Event: 137.355 GC heap after
{Heap after GC invocations=13 (full 0):
 garbage-first heap   total 86016K, used 31773K [0x0000000080000000, 0x0000000100000000)
  region size 1024K, 4 young (4096K), 4 survivors (4096K)
 Metaspace       used 46120K, committed 46464K, reserved 1114112K
  class space    used 6180K, committed 6336K, reserved 1048576K
}
Event: 138.565 GC heap before
{Heap before GC invocations=13 (full 0):
 garbage-first heap   total 86016K, used 66589K [0x0000000080000000, 0x0000000100000000)
  region size 1024K, 38 young (38912K), 4 survivors (4096K)
 Metaspace       used 51049K, committed 51456K, reserved 1114112K
  class space    used 6937K, committed 7104K, reserved 1048576K
}
Event: 138.569 GC heap after
{Heap after GC invocations=14 (full 0):
 garbage-first heap   total 86016K, used 33593K [0x0000000080000000, 0x0000000100000000)
  region size 1024K, 4 young (4096K), 4 survivors (4096K)
 Metaspace       used 51049K, committed 51456K, reserved 1114112K
  class space    used 6937K, committed 7104K, reserved 1048576K
}
Event: 139.220 GC heap before
{Heap before GC invocations=14 (full 0):
 garbage-first heap   total 86016K, used 66361K [0x0000000080000000, 0x0000000100000000)
  region size 1024K, 37 young (37888K), 4 survivors (4096K)
 Metaspace       used 57099K, committed 57536K, reserved 1114112K
  class space    used 7695K, committed 7872K, reserved 1048576K
}
Event: 139.227 GC heap after
{Heap after GC invocations=15 (full 0):
 garbage-first heap   total 86016K, used 35641K [0x0000000080000000, 0x0000000100000000)
  region size 1024K, 4 young (4096K), 4 survivors (4096K)
 Metaspace       used 57099K, committed 57536K, reserved 1114112K
  class space    used 7695K, committed 7872K, reserved 1048576K
}
Event: 140.222 GC heap before
{Heap before GC invocations=15 (full 0):
 garbage-first heap   total 86016K, used 67385K [0x0000000080000000, 0x0000000100000000)
  region size 1024K, 35 young (35840K), 4 survivors (4096K)
 Metaspace       used 59456K, committed 59904K, reserved 1114112K
  class space    used 7973K, committed 8192K, reserved 1048576K
}
Event: 140.227 GC heap after
{Heap after GC invocations=16 (full 0):
 garbage-first heap   total 86016K, used 37440K [0x0000000080000000, 0x0000000100000000)
  region size 1024K, 4 young (4096K), 4 survivors (4096K)
 Metaspace       used 59456K, committed 59904K, reserved 1114112K
  class space    used 7973K, committed 8192K, reserved 1048576K
}
Event: 140.337 GC heap before
{Heap before GC invocations=16 (full 0):
 garbage-first heap   total 86016K, used 42560K [0x0000000080000000, 0x0000000100000000)
  region size 1024K, 10 young (10240K), 4 survivors (4096K)
 Metaspace       used 60030K, committed 60480K, reserved 1114112K
  class space    used 8071K, committed 8320K, reserved 1048576K
}
Event: 140.341 GC heap after
{Heap after GC invocations=17 (full 0):
 garbage-first heap   total 86016K, used 37061K [0x0000000080000000, 0x0000000100000000)
  region size 1024K, 1 young (1024K), 1 survivors (1024K)
 Metaspace       used 60030K, committed 60480K, reserved 1114112K
  class space    used 8071K, committed 8320K, reserved 1048576K
}

Dll operation events (3 events):
Event: 0.259 Loaded shared library C:\Program Files\Android\Android Studio\jbr\bin\java.dll
Event: 0.745 Loaded shared library C:\Program Files\Android\Android Studio\jbr\bin\zip.dll
Event: 14.114 Loaded shared library C:\Program Files\Android\Android Studio\jbr\bin\verify.dll

Deoptimization events (20 events):
Event: 140.302 Thread 0x000001ed72dd4380 Uncommon trap: trap_request=0xffffffde fr.pc=0x000001ed1da416c8 relative=0x00000000000053e8
Event: 140.302 Thread 0x000001ed72dd4380 Uncommon trap: reason=class_check action=maybe_recompile pc=0x000001ed1da416c8 method=java.net.URLClassLoader.defineClass(Ljava/lang/String;Ljdk/internal/loader/Resource;)Ljava/lang/Class; @ 34 c2
Event: 140.302 Thread 0x000001ed72dd4380 DEOPT PACKING pc=0x000001ed1da416c8 sp=0x00000001022f8400
Event: 140.302 Thread 0x000001ed72dd4380 DEOPT UNPACKING pc=0x000001ed1d2469a3 sp=0x00000001022f83a8 mode 2
Event: 140.523 Thread 0x000001ed72dd4380 Uncommon trap: trap_request=0xffffff45 fr.pc=0x000001ed1d91b904 relative=0x0000000000000344
Event: 140.523 Thread 0x000001ed72dd4380 Uncommon trap: reason=unstable_if action=reinterpret pc=0x000001ed1d91b904 method=org.gradle.internal.reflect.PropertyAccessorType.isGetGetterName(Ljava/lang/String;)Z @ 14 c2
Event: 140.523 Thread 0x000001ed72dd4380 DEOPT PACKING pc=0x000001ed1d91b904 sp=0x00000001022f8d30
Event: 140.523 Thread 0x000001ed72dd4380 DEOPT UNPACKING pc=0x000001ed1d2469a3 sp=0x00000001022f8c88 mode 2
Event: 140.549 Thread 0x000001ed72dd4380 Uncommon trap: trap_request=0xffffff45 fr.pc=0x000001ed1d87a040 relative=0x0000000000000480
Event: 140.549 Thread 0x000001ed72dd4380 Uncommon trap: reason=unstable_if action=reinterpret pc=0x000001ed1d87a040 method=org.objectweb.asm.MethodWriter.visitVarInsn(II)V @ 108 c2
Event: 140.549 Thread 0x000001ed72dd4380 DEOPT PACKING pc=0x000001ed1d87a040 sp=0x00000001022f89c0
Event: 140.549 Thread 0x000001ed72dd4380 DEOPT UNPACKING pc=0x000001ed1d2469a3 sp=0x00000001022f8988 mode 2
Event: 140.550 Thread 0x000001ed72dd4380 Uncommon trap: trap_request=0xffffff45 fr.pc=0x000001ed1d90696c relative=0x00000000000000ec
Event: 140.550 Thread 0x000001ed72dd4380 Uncommon trap: reason=unstable_if action=reinterpret pc=0x000001ed1d90696c method=org.objectweb.asm.ByteVector.putShort(I)Lorg/objectweb/asm/ByteVector; @ 13 c2
Event: 140.550 Thread 0x000001ed72dd4380 DEOPT PACKING pc=0x000001ed1d90696c sp=0x00000001022f8940
Event: 140.550 Thread 0x000001ed72dd4380 DEOPT UNPACKING pc=0x000001ed1d2469a3 sp=0x00000001022f88d8 mode 2
Event: 140.591 Thread 0x000001ed72dd4380 Uncommon trap: trap_request=0xffffff45 fr.pc=0x000001ed1d9d638c relative=0x000000000000172c
Event: 140.591 Thread 0x000001ed72dd4380 Uncommon trap: reason=unstable_if action=reinterpret pc=0x000001ed1d9d638c method=java.util.concurrent.ConcurrentHashMap.computeIfAbsent(Ljava/lang/Object;Ljava/util/function/Function;)Ljava/lang/Object; @ 123 c2
Event: 140.591 Thread 0x000001ed72dd4380 DEOPT PACKING pc=0x000001ed1d9d638c sp=0x00000001022f9c10
Event: 140.591 Thread 0x000001ed72dd4380 DEOPT UNPACKING pc=0x000001ed1d2469a3 sp=0x00000001022f9ba0 mode 2

Classes unloaded (0 events):
No events

Classes redefined (0 events):
No events

Internal exceptions (20 events):
Event: 139.868 Thread 0x000001ed72dd4380 Exception <a 'sun/nio/fs/WindowsException'{0x0000000083b462f8}> (0x0000000083b462f8) 
thrown [s\src\hotspot\share\prims\jni.cpp, line 517]
Event: 139.872 Thread 0x000001ed72dd4380 Exception <a 'sun/nio/fs/WindowsException'{0x0000000083b4d840}> (0x0000000083b4d840) 
thrown [s\src\hotspot\share\prims\jni.cpp, line 517]
Event: 139.879 Thread 0x000001ed72dd4380 Exception <a 'sun/nio/fs/WindowsException'{0x0000000083b547d0}> (0x0000000083b547d0) 
thrown [s\src\hotspot\share\prims\jni.cpp, line 517]
Event: 139.884 Thread 0x000001ed72dd4380 Exception <a 'sun/nio/fs/WindowsException'{0x0000000083b5b780}> (0x0000000083b5b780) 
thrown [s\src\hotspot\share\prims\jni.cpp, line 517]
Event: 139.890 Thread 0x000001ed72dd4380 Exception <a 'sun/nio/fs/WindowsException'{0x0000000083b62be0}> (0x0000000083b62be0) 
thrown [s\src\hotspot\share\prims\jni.cpp, line 517]
Event: 139.896 Thread 0x000001ed72dd4380 Exception <a 'sun/nio/fs/WindowsException'{0x0000000083b69d10}> (0x0000000083b69d10) 
thrown [s\src\hotspot\share\prims\jni.cpp, line 517]
Event: 139.901 Thread 0x000001ed72dd4380 Exception <a 'sun/nio/fs/WindowsException'{0x0000000083b73f18}> (0x0000000083b73f18) 
thrown [s\src\hotspot\share\prims\jni.cpp, line 517]
Event: 139.905 Thread 0x000001ed72dd4380 Exception <a 'sun/nio/fs/WindowsException'{0x0000000083b7c9e0}> (0x0000000083b7c9e0) 
thrown [s\src\hotspot\share\prims\jni.cpp, line 517]
Event: 139.912 Thread 0x000001ed72dd4380 Exception <a 'sun/nio/fs/WindowsException'{0x0000000083b84b70}> (0x0000000083b84b70) 
thrown [s\src\hotspot\share\prims\jni.cpp, line 517]
Event: 139.918 Thread 0x000001ed72dd4380 Exception <a 'sun/nio/fs/WindowsException'{0x0000000083b906b8}> (0x0000000083b906b8) 
thrown [s\src\hotspot\share\prims\jni.cpp, line 517]
Event: 139.921 Thread 0x000001ed72dd4380 Exception <a 'sun/nio/fs/WindowsException'{0x0000000083b95f08}> (0x0000000083b95f08) 
thrown [s\src\hotspot\share\prims\jni.cpp, line 517]
Event: 139.929 Thread 0x000001ed72dd4380 Exception <a 'sun/nio/fs/WindowsException'{0x0000000083b9b998}> (0x0000000083b9b998) 
thrown [s\src\hotspot\share\prims\jni.cpp, line 517]
Event: 139.934 Thread 0x000001ed72dd4380 Exception <a 'sun/nio/fs/WindowsException'{0x0000000083ba87e8}> (0x0000000083ba87e8) 
thrown [s\src\hotspot\share\prims\jni.cpp, line 517]
Event: 140.300 Thread 0x000001ed71ecd530 Exception <a 'java/lang/NoSuchMethodError'{0x000000008532ae68}: static Lorg/gradle/internal/build/event/types/DefaultOperationStartedProgressEvent;.<clinit>()V> (0x000000008532ae68) 
thrown [s\src\hotspot\share\prims\jni.cpp, line 1108]
Event: 140.300 Thread 0x000001ed71ecd530 Exception <a 'java/lang/NoSuchMethodError'{0x00000000853ae370}: static Lorg/gradle/internal/build/event/types/AbstractProgressEvent;.<clinit>()V> (0x00000000853ae370) 
thrown [s\src\hotspot\share\prims\jni.cpp, line 1108]
Event: 140.302 Thread 0x000001ed71ecd530 Exception <a 'java/lang/NoSuchMethodError'{0x00000000853c3130}: static Lorg/gradle/internal/build/event/types/DefaultProjectConfigurationDescriptor;.<clinit>()V> (0x00000000853c3130) 
thrown [s\src\hotspot\share\prims\jni.cpp, line 1108]
Event: 140.302 Thread 0x000001ed71ecd530 Exception <a 'java/lang/NoSuchMethodError'{0x00000000853c5e38}: static Lorg/gradle/internal/build/event/types/DefaultOperationDescriptor;.<clinit>()V> (0x00000000853c5e38) 
thrown [s\src\hotspot\share\prims\jni.cpp, line 1108]
Event: 140.305 Thread 0x000001ed71ecd530 Exception <a 'java/lang/NoSuchMethodError'{0x00000000853e12e0}: static Lorg/gradle/internal/operations/OperationIdentifier;.<clinit>()V> (0x00000000853e12e0) 
thrown [s\src\hotspot\share\prims\jni.cpp, line 1108]
Event: 140.517 Thread 0x000001ed72dd4380 Exception <a 'java/lang/NoSuchMethodError'{0x0000000084f093c0}: 'long java.lang.invoke.DirectMethodHandle$Holder.invokeStatic(java.lang.Object, long)'> (0x0000000084f093c0) 
thrown [s\src\hotspot\share\interpreter\linkResolver.cpp, line 771]
Event: 140.549 Thread 0x000001ed72dd4380 Implicit null exception at 0x000001ed1d879c80 to 0x000001ed1d87a024

VM Operations (20 events):
Event: 139.613 Executing VM operation: ICBufferFull
Event: 139.613 Executing VM operation: ICBufferFull done
Event: 139.633 Executing VM operation: HandshakeAllThreads
Event: 139.633 Executing VM operation: HandshakeAllThreads done
Event: 139.721 Executing VM operation: HandshakeAllThreads
Event: 139.721 Executing VM operation: HandshakeAllThreads done
Event: 139.763 Executing VM operation: ICBufferFull
Event: 139.764 Executing VM operation: ICBufferFull done
Event: 139.845 Executing VM operation: HandshakeAllThreads
Event: 139.845 Executing VM operation: HandshakeAllThreads done
Event: 139.850 Executing VM operation: ICBufferFull
Event: 139.850 Executing VM operation: ICBufferFull done
Event: 140.222 Executing VM operation: G1CollectForAllocation
Event: 140.227 Executing VM operation: G1CollectForAllocation done
Event: 140.337 Executing VM operation: CollectForMetadataAllocation
Event: 140.341 Executing VM operation: CollectForMetadataAllocation done
Event: 140.381 Executing VM operation: G1PauseRemark
Event: 140.385 Executing VM operation: G1PauseRemark done
Event: 140.402 Executing VM operation: G1PauseCleanup
Event: 140.402 Executing VM operation: G1PauseCleanup done

Events (20 events):
Event: 140.299 loading class java/io/ObjectStreamClass$1
Event: 140.299 loading class java/io/ObjectStreamClass$1 done
Event: 140.299 loading class java/io/ObjectStreamClass$MemberSignature
Event: 140.299 loading class java/io/ObjectStreamClass$MemberSignature done
Event: 140.299 loading class java/io/ObjectStreamClass$3
Event: 140.300 loading class java/io/ObjectStreamClass$3 done
Event: 140.300 loading class java/io/ObjectStreamClass$4
Event: 140.300 loading class java/io/ObjectStreamClass$4 done
Event: 140.300 loading class java/io/ObjectStreamClass$5
Event: 140.300 loading class java/io/ObjectStreamClass$5 done
Event: 140.300 loading class java/io/ObjectStreamClass$ClassDataSlot
Event: 140.301 loading class java/io/ObjectStreamClass$ClassDataSlot done
Event: 140.303 loading class jdk/internal/reflect/UnsafeQualifiedStaticLongFieldAccessorImpl
Event: 140.303 loading class jdk/internal/reflect/UnsafeQualifiedStaticLongFieldAccessorImpl done
Event: 140.306 loading class java/io/SerialCallbackContext
Event: 140.306 loading class java/io/SerialCallbackContext done
Event: 140.439 loading class java/util/DualPivotQuicksort
Event: 140.440 loading class java/util/DualPivotQuicksort done
Event: 140.516 loading class java/util/function/LongUnaryOperator
Event: 140.516 loading class java/util/function/LongUnaryOperator done


Dynamic libraries:
0x00007ff64f9a0000 - 0x00007ff64f9aa000 	C:\Program Files\Android\Android Studio\jbr\bin\java.exe
0x00007ffcccc10000 - 0x00007ffccce26000 	C:\WINDOWS\SYSTEM32\ntdll.dll
0x00007ffccaee0000 - 0x00007ffccafa4000 	C:\WINDOWS\System32\KERNEL32.DLL
0x00007ffcca2b0000 - 0x00007ffcca657000 	C:\WINDOWS\System32\KERNELBASE.dll
0x00007ffcc9fd0000 - 0x00007ffcca0e1000 	C:\WINDOWS\System32\ucrtbase.dll
0x00007ffcadcb0000 - 0x00007ffcadccb000 	C:\Program Files\Android\Android Studio\jbr\bin\VCRUNTIME140.dll
0x00007ffcb0a50000 - 0x00007ffcb0a67000 	C:\Program Files\Android\Android Studio\jbr\bin\jli.dll
0x00007ffccbe20000 - 0x00007ffccbfce000 	C:\WINDOWS\System32\USER32.dll
0x00007ffcca280000 - 0x00007ffcca2a6000 	C:\WINDOWS\System32\win32u.dll
0x00007ffccad00000 - 0x00007ffccad29000 	C:\WINDOWS\System32\GDI32.dll
0x00007ffcca0f0000 - 0x00007ffcca209000 	C:\WINDOWS\System32\gdi32full.dll
0x00007ffcc9f30000 - 0x00007ffcc9fca000 	C:\WINDOWS\System32\msvcp_win.dll
0x00007ffcb1370000 - 0x00007ffcb1603000 	C:\WINDOWS\WinSxS\amd64_microsoft.windows.common-controls_6595b64144ccf1df_6.0.22621.3235_none_270f74e173860f98\COMCTL32.dll
0x00007ffcca9b0000 - 0x00007ffccaa57000 	C:\WINDOWS\System32\msvcrt.dll
0x00007ffccaea0000 - 0x00007ffccaed1000 	C:\WINDOWS\System32\IMM32.DLL
0x00007ffcb37a0000 - 0x00007ffcb37ac000 	C:\Program Files\Android\Android Studio\jbr\bin\vcruntime140_1.dll
0x00007ffc72710000 - 0x00007ffc7279d000 	C:\Program Files\Android\Android Studio\jbr\bin\msvcp140.dll
0x00007ffbf4ed0000 - 0x00007ffbf5b53000 	C:\Program Files\Android\Android Studio\jbr\bin\server\jvm.dll
0x00007ffccbd50000 - 0x00007ffccbe02000 	C:\WINDOWS\System32\ADVAPI32.dll
0x00007ffccaaf0000 - 0x00007ffccab98000 	C:\WINDOWS\System32\sechost.dll
0x00007ffcca660000 - 0x00007ffcca688000 	C:\WINDOWS\System32\bcrypt.dll
0x00007ffccad80000 - 0x00007ffccae95000 	C:\WINDOWS\System32\RPCRT4.dll
0x00007ffcc8d90000 - 0x00007ffcc8ddd000 	C:\WINDOWS\SYSTEM32\POWRPROF.dll
0x00007ffcc1480000 - 0x00007ffcc148a000 	C:\WINDOWS\SYSTEM32\VERSION.dll
0x00007ffcb4690000 - 0x00007ffcb4699000 	C:\WINDOWS\SYSTEM32\WSOCK32.dll
0x00007ffccac80000 - 0x00007ffccacf1000 	C:\WINDOWS\System32\WS2_32.dll
0x00007ffcc2400000 - 0x00007ffcc2434000 	C:\WINDOWS\SYSTEM32\WINMM.dll
0x00007ffcc8d70000 - 0x00007ffcc8d83000 	C:\WINDOWS\SYSTEM32\UMPDC.dll
0x00007ffcc8fc0000 - 0x00007ffcc8fd8000 	C:\WINDOWS\SYSTEM32\kernel.appcore.dll
0x00007ffcba190000 - 0x00007ffcba19a000 	C:\Program Files\Android\Android Studio\jbr\bin\jimage.dll
0x00007ffcc7480000 - 0x00007ffcc76b3000 	C:\WINDOWS\SYSTEM32\DBGHELP.DLL
0x00007ffccb760000 - 0x00007ffccbae8000 	C:\WINDOWS\System32\combase.dll
0x00007ffccaba0000 - 0x00007ffccac77000 	C:\WINDOWS\System32\OLEAUT32.dll
0x00007ffcbb570000 - 0x00007ffcbb5a2000 	C:\WINDOWS\SYSTEM32\dbgcore.DLL
0x00007ffcca750000 - 0x00007ffcca7c9000 	C:\WINDOWS\System32\bcryptPrimitives.dll
0x00007ffcb48f0000 - 0x00007ffcb48fe000 	C:\Program Files\Android\Android Studio\jbr\bin\instrument.dll
0x00007ffcb4b90000 - 0x00007ffcb4bb5000 	C:\Program Files\Android\Android Studio\jbr\bin\java.dll
0x00007ffcb9b50000 - 0x00007ffcb9b68000 	C:\Program Files\Android\Android Studio\jbr\bin\zip.dll
0x00007ffccc290000 - 0x00007ffcccaec000 	C:\WINDOWS\System32\SHELL32.dll
0x00007ffcc7e50000 - 0x00007ffcc8749000 	C:\WINDOWS\SYSTEM32\windows.storage.dll
0x00007ffcc7d10000 - 0x00007ffcc7e4e000 	C:\WINDOWS\SYSTEM32\wintypes.dll
0x00007ffccc190000 - 0x00007ffccc283000 	C:\WINDOWS\System32\SHCORE.dll
0x00007ffcccb70000 - 0x00007ffcccbce000 	C:\WINDOWS\System32\shlwapi.dll
0x00007ffcc9e60000 - 0x00007ffcc9e81000 	C:\WINDOWS\SYSTEM32\profapi.dll
0x00007ffcb7b60000 - 0x00007ffcb7b79000 	C:\Program Files\Android\Android Studio\jbr\bin\net.dll
0x00007ffcc3190000 - 0x00007ffcc32c6000 	C:\WINDOWS\SYSTEM32\WINHTTP.dll
0x00007ffcc9490000 - 0x00007ffcc94f9000 	C:\WINDOWS\system32\mswsock.dll
0x00007ffcb6c40000 - 0x00007ffcb6c56000 	C:\Program Files\Android\Android Studio\jbr\bin\nio.dll
0x00007ffcb5640000 - 0x00007ffcb5650000 	C:\Program Files\Android\Android Studio\jbr\bin\verify.dll
0x00007ffcaf170000 - 0x00007ffcaf197000 	C:\Users\masha\.gradle\native\c067742578af261105cb4f569cf0c3c89f3d7b1fecec35dd04571415982c5e48\windows-amd64\native-platform.dll
0x00007ffc5a6a0000 - 0x00007ffc5a7e4000 	C:\Users\masha\.gradle\native\38dada09dfb8b06ba9b0570ebf7e218e3eb74d4ef43ca46872605cf95ebc2f47\windows-amd64\native-platform-file-events.dll
0x00007ffcb8810000 - 0x00007ffcb8819000 	C:\Program Files\Android\Android Studio\jbr\bin\management.dll
0x00007ffcb68e0000 - 0x00007ffcb68eb000 	C:\Program Files\Android\Android Studio\jbr\bin\management_ext.dll
0x00007ffccbe10000 - 0x00007ffccbe18000 	C:\WINDOWS\System32\PSAPI.DLL
0x00007ffcc96b0000 - 0x00007ffcc96cb000 	C:\WINDOWS\SYSTEM32\CRYPTSP.dll
0x00007ffcc8f80000 - 0x00007ffcc8fb5000 	C:\WINDOWS\system32\rsaenh.dll
0x00007ffcc9550000 - 0x00007ffcc9578000 	C:\WINDOWS\SYSTEM32\USERENV.dll
0x00007ffcc96d0000 - 0x00007ffcc96dc000 	C:\WINDOWS\SYSTEM32\CRYPTBASE.dll
0x00007ffcc8a60000 - 0x00007ffcc8a8d000 	C:\WINDOWS\SYSTEM32\IPHLPAPI.DLL
0x00007ffccb060000 - 0x00007ffccb069000 	C:\WINDOWS\System32\NSI.dll
0x00007ffcc3460000 - 0x00007ffcc3479000 	C:\WINDOWS\SYSTEM32\dhcpcsvc6.DLL
0x00007ffcc33e0000 - 0x00007ffcc33ff000 	C:\WINDOWS\SYSTEM32\dhcpcsvc.DLL
0x00007ffcc8a90000 - 0x00007ffcc8b89000 	C:\WINDOWS\SYSTEM32\DNSAPI.dll
0x00007ffcc3c50000 - 0x00007ffcc3c58000 	C:\WINDOWS\system32\wshunix.dll

dbghelp: loaded successfully - version: 4.0.5 - missing functions: none
symbol engine: initialized successfully - sym options: 0x614 - pdb path: .;C:\Program Files\Android\Android Studio\jbr\bin;C:\WINDOWS\SYSTEM32;C:\WINDOWS\WinSxS\amd64_microsoft.windows.common-controls_6595b64144ccf1df_6.0.22621.3235_none_270f74e173860f98;C:\Program Files\Android\Android Studio\jbr\bin\server;C:\Users\masha\.gradle\native\c067742578af261105cb4f569cf0c3c89f3d7b1fecec35dd04571415982c5e48\windows-amd64;C:\Users\masha\.gradle\native\38dada09dfb8b06ba9b0570ebf7e218e3eb74d4ef43ca46872605cf95ebc2f47\windows-amd64

VM Arguments:
jvm_args: --add-opens=java.base/java.util=ALL-UNNAMED --add-opens=java.base/java.lang=ALL-UNNAMED --add-opens=java.base/java.lang.invoke=ALL-UNNAMED --add-opens=java.prefs/java.util.prefs=ALL-UNNAMED --add-opens=java.base/java.nio.charset=ALL-UNNAMED --add-opens=java.base/java.net=ALL-UNNAMED --add-opens=java.base/java.util.concurrent.atomic=ALL-UNNAMED -Xmx2048m -Dfile.encoding=UTF-8 -Duser.country=RU -Duser.language=ru -Duser.variant -javaagent:C:\Users\masha\.gradle\wrapper\dists\gradle-8.4-bin\1w5dpkrfk8irigvoxmyhowfim\gradle-8.4\lib\agents\gradle-instrumentation-agent-8.4.jar 
java_command: org.gradle.launcher.daemon.bootstrap.GradleDaemon 8.4
java_class_path (initial): C:\Users\masha\.gradle\wrapper\dists\gradle-8.4-bin\1w5dpkrfk8irigvoxmyhowfim\gradle-8.4\lib\gradle-launcher-8.4.jar
Launcher Type: SUN_STANDARD

[Global flags]
     intx CICompilerCount                          = 4                                         {product} {ergonomic}
     uint ConcGCThreads                            = 2                                         {product} {ergonomic}
     uint G1ConcRefinementThreads                  = 8                                         {product} {ergonomic}
   size_t G1HeapRegionSize                         = 1048576                                   {product} {ergonomic}
    uintx GCDrainStackTargetSize                   = 64                                        {product} {ergonomic}
   size_t InitialHeapSize                          = 132120576                                 {product} {ergonomic}
   size_t MarkStackSize                            = 4194304                                   {product} {ergonomic}
   size_t MaxHeapSize                              = 2147483648                                {product} {command line}
   size_t MaxNewSize                               = 1287651328                                {product} {ergonomic}
   size_t MinHeapDeltaBytes                        = 1048576                                   {product} {ergonomic}
   size_t MinHeapSize                              = 8388608                                   {product} {ergonomic}
    uintx NonNMethodCodeHeapSize                   = 5839372                                {pd product} {ergonomic}
    uintx NonProfiledCodeHeapSize                  = 122909434                              {pd product} {ergonomic}
    uintx ProfiledCodeHeapSize                     = 122909434                              {pd product} {ergonomic}
    uintx ReservedCodeCacheSize                    = 251658240                              {pd product} {ergonomic}
     bool SegmentedCodeCache                       = true                                      {product} {ergonomic}
   size_t SoftMaxHeapSize                          = 2147483648                             {manageable} {ergonomic}
     bool UseCompressedClassPointers               = true                           {product lp64_product} {ergonomic}
     bool UseCompressedOops                        = true                           {product lp64_product} {ergonomic}
     bool UseG1GC                                  = true                                      {product} {ergonomic}
     bool UseLargePagesIndividualAllocation        = false                                  {pd product} {ergonomic}

Logging:
Log output configuration:
 #0: stdout all=warning uptime,level,tags
 #1: stderr all=off uptime,level,tags

Environment Variables:
PATH=C:\Users\masha\AppData\Local\Programs\Python\Python310\Scripts\;C:\Users\masha\AppData\Local\Programs\Python\Python310\;C:\Program Files (x86)\Common Files\Oracle\Java\javapath;C:\Program Files (x86)\Common Files\Intel\Shared Libraries\redist\intel64\compiler;C:\Windows\system32;C:\Windows;C:\Windows\System32\Wbem;C:\Windows\System32\WindowsPowerShell\v1.0\;C:\Windows\System32\OpenSSH\;C:\Program Files (x86)\NVIDIA Corporation\PhysX\Common;C:\Program Files\NVIDIA Corporation\NVIDIA NvDLISR;C:\Program Files\dotnet\;C:\Program Files\Microsoft SQL Server\130\Tools\Binn\;C:\Program Files\Microsoft SQL Server\Client SDK\ODBC\170\Tools\Binn\;C:\WINDOWS\system32;C:\WINDOWS;C:\WINDOWS\System32\Wbem;C:\WINDOWS\System32\WindowsPowerShell\v1.0\;C:\WINDOWS\System32\OpenSSH\;C:\Program Files\nodejs\;C:\ProgramData\chocolatey\bin;C:\Program Files\Git\cmd;C:\Program Files\Cloudflare\Cloudflare WARP\;C:\Program Files\PuTTY\;C:\Program Files\Docker\Docker\resources\bin;C:\Program Files\MySQL\MySQL Shell 8.0\bin\;C:\Users\masha\AppData\Local\Programs\Python\Python310;C:\Users\masha\.dotnet\tools;C:\Users\masha\Downloads\PyCharm Community Edition 2021.3\bin;;C:\Program Files\heroku\bin;C:\Users\masha\AppData\Roaming\npm;C:\Program Files\Heroku\bin\bin;C:\Program Files\JetBrains\IntelliJ IDEA Community Edition 2022.2.2\bin;;C:\intelFPGA\21.1\questa_fse\win64;C:\intelFPGA\21.1\questa_fe\win64;;C:\Users\masha\AppData\Local\Microsoft\WindowsApps;C:\Program Files\JetBrains\IntelliJ IDEA 2023.3.4\bin;
USERNAME=masha
OS=Windows_NT
PROCESSOR_IDENTIFIER=Intel64 Family 6 Model 165 Stepping 2, GenuineIntel
TMP=C:\Users\masha\AppData\Local\Temp
TEMP=C:\Users\masha\AppData\Local\Temp



Periodic native trim disabled

JNI global refs:
JNI global refs: 27, weak refs: 2

JNI global refs memory usage: 843, weak refs: 841

OOME stack traces (most recent first):
Classloader memory used:
Loader org.gradle.internal.classloader.VisitableURLClassLoader                         : 3364K
Loader bootstrap                                                                       : 2443K
Loader jdk.internal.loader.ClassLoaders$AppClassLoader                                 : 992K
Loader org.gradle.initialization.MixInLegacyTypesClassLoader                           : 873K
Loader jdk.internal.loader.ClassLoaders$PlatformClassLoader                            : 91965B
Loader jdk.internal.reflect.DelegatingClassLoader                                      : 14898B
Loader org.gradle.internal.classloader.VisitableURLClassLoader                         : 12774B
Loader org.gradle.internal.classloader.VisitableURLClassLoader$InstrumentingVisitableURLClassLoader: 4856B

Classes loaded by more than one classloader:
Class Program                                                                         : loaded 3 times (x 70B)
Class org.gradle.internal.classpath.ClassPath                                         : loaded 2 times (x 68B)
Class org.gradle.api.internal.classpath.DefaultModuleRegistry                         : loaded 2 times (x 84B)
Class Settings_gradle$1$1                                                             : loaded 2 times (x 72B)
Class org.gradle.api.Action                                                           : loaded 2 times (x 68B)
Class org.gradle.api.internal.DefaultClassPathProvider                                : loaded 2 times (x 74B)
Class org.gradle.internal.installation.GradleInstallation$1                           : loaded 2 times (x 73B)
Class org.gradle.internal.classloader.FilteringClassLoader                            : loaded 2 times (x 103B)
Class org.gradle.internal.classpath.DefaultClassPath$ImmutableUniqueList$Builder      : loaded 2 times (x 73B)
Class org.gradle.internal.classloader.ClassLoaderVisitor                              : loaded 2 times (x 74B)
Class org.gradle.internal.service.DefaultServiceLocator                               : loaded 2 times (x 81B)
Class org.gradle.internal.service.UnknownServiceException                             : loaded 2 times (x 81B)
Class org.gradle.internal.classloader.DefaultClassLoaderFactory                       : loaded 2 times (x 80B)
Class org.gradle.internal.classloader.VisitableURLClassLoader$Spec                    : loaded 2 times (x 72B)
Class org.gradle.api.GradleException                                                  : loaded 2 times (x 80B)
Class org.gradle.api.internal.classpath.ModuleRegistry                                : loaded 2 times (x 68B)
Class org.gradle.api.internal.ClassPathProvider                                       : loaded 2 times (x 68B)
Class org.gradle.internal.classloader.ClasspathUtil$1                                 : loaded 2 times (x 74B)
Class org.gradle.internal.classloader.ClassLoaderFactory                              : loaded 2 times (x 68B)
Class org.gradle.api.internal.classpath.ManifestUtil                                  : loaded 2 times (x 69B)
Class org.gradle.api.specs.Spec                                                       : loaded 2 times (x 68B)
Class org.gradle.internal.IoActions                                                   : loaded 2 times (x 69B)
Class org.gradle.api.internal.classpath.EffectiveClassPath                            : loaded 2 times (x 88B)
Class org.gradle.internal.installation.CurrentGradleInstallation                      : loaded 2 times (x 71B)
Class org.gradle.internal.agents.InstrumentingClassLoader                             : loaded 2 times (x 68B)
Class org.gradle.internal.installation.CurrentGradleInstallationLocator               : loaded 2 times (x 69B)
Class org.gradle.api.internal.classpath.Module                                        : loaded 2 times (x 68B)
Class org.gradle.internal.service.CachingServiceLocator                               : loaded 2 times (x 80B)
Class org.gradle.internal.classpath.DefaultClassPath                                  : loaded 2 times (x 88B)
Class org.gradle.internal.classloader.SystemClassLoaderSpec                           : loaded 2 times (x 69B)
Class org.gradle.api.UncheckedIOException                                             : loaded 2 times (x 80B)
Class org.gradle.internal.installation.GradleInstallation                             : loaded 2 times (x 73B)
Class org.gradle.internal.classloader.ClasspathUtil                                   : loaded 2 times (x 69B)
Class org.gradle.api.internal.DefaultClassPathRegistry                                : loaded 2 times (x 74B)
Class org.gradle.api.internal.classpath.DefaultModuleRegistry$DefaultModule           : loaded 2 times (x 84B)
Class org.gradle.api.internal.classpath.UnknownModuleException                        : loaded 2 times (x 80B)
Class org.gradle.internal.service.ServiceLookupException                              : loaded 2 times (x 80B)
Class org.gradle.cache.GlobalCache                                                    : loaded 2 times (x 68B)
Class [Lorg.gradle.api.internal.ClassPathProvider;                                    : loaded 2 times (x 67B)
Class org.gradle.util.internal.GUtil                                                  : loaded 2 times (x 69B)
Class org.gradle.internal.classloader.ClassLoaderSpec                                 : loaded 2 times (x 69B)
Class org.gradle.internal.classloader.VisitableURLClassLoader                         : loaded 2 times (x 115B)
Class org.gradle.internal.Cast                                                        : loaded 2 times (x 69B)
Class org.gradle.api.internal.ClassPathRegistry                                       : loaded 2 times (x 68B)
Class org.gradle.internal.classloader.VisitableURLClassLoader$InstrumentingVisitableURLClassLoader: loaded 2 times (x 121B)
Class org.gradle.internal.classloader.ClassLoaderHierarchy                            : loaded 2 times (x 68B)
Class org.gradle.internal.InternalTransformer                                         : loaded 2 times (x 68B)
Class org.gradle.internal.service.ServiceLocator                                      : loaded 2 times (x 68B)
Class Settings_gradle$1                                                               : loaded 2 times (x 72B)
Class org.gradle.internal.classpath.DefaultClassPath$ImmutableUniqueList              : loaded 2 times (x 159B)
Class org.gradle.internal.classpath.TransformedClassPath                              : loaded 2 times (x 94B)
Class Settings_gradle                                                                 : loaded 2 times (x 126B)


---------------  S Y S T E M  ---------------

OS:
 Windows 11 , 64 bit Build 22621 (10.0.22621.3374)
OS uptime: 12 days 4:18 hours
Hyper-V role detected

CPU: total 8 (initial active 8) (4 cores per cpu, 2 threads per core) family 6 model 165 stepping 2 microcode 0xe2, cx8, cmov, fxsr, ht, mmx, 3dnowpref, sse, sse2, sse3, ssse3, sse4.1, sse4.2, popcnt, lzcnt, tsc, tscinvbit, avx, avx2, aes, erms, clmul, bmi1, bmi2, adx, fma, vzeroupper, clflush, clflushopt, hv
Processor Information for all 8 processors :
  Max Mhz: 2496, Current Mhz: 2496, Mhz Limit: 2496

Memory: 4k page, system-wide physical 8059M (302M free)
TotalPageFile size 32635M (AvailPageFile size 1M)
current process WorkingSet (physical memory assigned to process): 258M, peak: 258M
current process commit charge ("private bytes"): 303M, peak: 304M

vm_info: OpenJDK 64-Bit Server VM (17.0.9+0--11185874) for windows-amd64 JRE (17.0.9+0--11185874), built on Dec  6 2023 18:57:44 by "androidbuild" with MS VC++ 16.10 / 16.11 (VS2019)

END.
